[2014-09-13 20:01:15] alias_create_exceute
alias_create_exceute () 
{ 
    for _path in "$rvm_rubies_path" "$rvm_environments_path" "$rvm_wrappers_path";
    do
        if [[ -L "$_path/$alias_name" ]]; then
            \command \rm -fv "$_path/$alias_name" || return $?;
        fi;
        \command \ln -fs "$_path/$rvm_ruby_string" "$_path/$alias_name" || return $?;
    done;
    __rvm_db_ "$rvm_path/config/alias" "$alias_name" "$rvm_ruby_string"
}
current path: /home/action/.rvm/src/rvm
GEM_HOME=/home/action/.rvm/gems/ruby-2.1.2
PATH=/home/action/.rvm/gems/ruby-2.1.2/bin:/home/action/.rvm/gems/ruby-2.1.2@global/bin:/home/action/.rvm/rubies/ruby-2.1.2/bin:/home/action/.rvm/bin:/home/action/.parts/bin:/home/action/.parts/sbin:/home/action/.parts/autoparts/bin:/home/action/.parts/autoparts/bin:/home/action/.parts/autoparts/bin:/usr/local/sbin:/usr/local/bin:/usr/sbin:/usr/bin:/sbin:/bin:/usr/games:/home/action/.gem/ruby/1.9.1/bin
GEM_PATH=/home/action/.rvm/gems/ruby-2.1.2:/home/action/.rvm/gems/ruby-2.1.2@global
command(1): alias_create_exceute
+ /scripts/alias : alias_create_exceute()  27 > for _path in '"$rvm_rubies_path"' '"$rvm_environments_path"' '"$rvm_wrappers_path"'
+ /scripts/alias : alias_create_exceute()  29 > [[ -L /home/action/.rvm/rubies/default ]]
+ /scripts/alias : alias_create_exceute()  32 > command ln -fs /home/action/.rvm/rubies/ruby-2.1.2 /home/action/.rvm/rubies/default
+ /scripts/alias : alias_create_exceute()  32 > ln -fs /home/action/.rvm/rubies/ruby-2.1.2 /home/action/.rvm/rubies/default
+ /scripts/alias : alias_create_exceute()  27 > for _path in '"$rvm_rubies_path"' '"$rvm_environments_path"' '"$rvm_wrappers_path"'
+ /scripts/alias : alias_create_exceute()  29 > [[ -L /home/action/.rvm/environments/default ]]
+ /scripts/alias : alias_create_exceute()  32 > command ln -fs /home/action/.rvm/environments/ruby-2.1.2 /home/action/.rvm/environments/default
+ /scripts/alias : alias_create_exceute()  32 > ln -fs /home/action/.rvm/environments/ruby-2.1.2 /home/action/.rvm/environments/default
+ /scripts/alias : alias_create_exceute()  27 > for _path in '"$rvm_rubies_path"' '"$rvm_environments_path"' '"$rvm_wrappers_path"'
+ /scripts/alias : alias_create_exceute()  29 > [[ -L /home/action/.rvm/wrappers/default ]]
+ /scripts/alias : alias_create_exceute()  32 > command ln -fs /home/action/.rvm/wrappers/ruby-2.1.2 /home/action/.rvm/wrappers/default
+ /scripts/alias : alias_create_exceute()  32 > ln -fs /home/action/.rvm/wrappers/ruby-2.1.2 /home/action/.rvm/wrappers/default
+ /scripts/alias : alias_create_exceute()  35 > __rvm_db_ /home/action/.rvm/config/alias default ruby-2.1.2
+ /scripts/functions/db : __rvm_db_()  78 > typeset __db __key __value
+ /scripts/functions/db : __rvm_db_()  79 > __db=/home/action/.rvm/config/alias
+ /scripts/functions/db : __rvm_db_()  80 > __key=default
+ /scripts/functions/db : __rvm_db_()  81 > shift 2
+ /scripts/functions/db : __rvm_db_()  82 > __value=ruby-2.1.2
+ /scripts/functions/db : __rvm_db_()  83 > case "${__value}" in
+ /scripts/functions/db : __rvm_db_()  91 > __rvm_db_add /home/action/.rvm/config/alias default ruby-2.1.2
+ /scripts/functions/db : __rvm_db_add()  59 > typeset __dir=/home/action/.rvm/config
+ /scripts/functions/db : __rvm_db_add()  60 > [[ -f /home/action/.rvm/config/alias ]]
+ /scripts/functions/db : __rvm_db_add()  61 > __rvm_db_remove /home/action/.rvm/config/alias default
+ /scripts/functions/db : __rvm_db_remove()  50 > [[ -f /home/action/.rvm/config/alias ]]
+ /scripts/functions/db : __rvm_db_remove()  52 > __rvm_sed -e '\#^default=# d' -e '/^$/d' /home/action/.rvm/config/alias
+ /scripts/functions/support : __rvm_sed()  254 > sed -e '\#^default=# d' -e '/^$/d' /home/action/.rvm/config/alias
+ /scripts/functions/db : __rvm_db_remove()  53 > command mv -f /home/action/.rvm/config/alias.new /home/action/.rvm/config/alias
+ /scripts/functions/db : __rvm_db_remove()  53 > mv -f /home/action/.rvm/config/alias.new /home/action/.rvm/config/alias
+ /scripts/functions/db : __rvm_db_add()  65 > printf '%b=%b\n' default ruby-2.1.2
